# JRE version: Java(TM) SE Runtime Environment (8.0_161-b12) (build 1.8.0_161-b12)
# Java VM: Java HotSpot(TM) 64-Bit Server VM (25.161-b12 mixed mode linux-amd64 compressed oops)
Heap:
 PSYoungGen      total 211968K, used 186894K [0x00000000f0000000, 0x0000000100000000, 0x0000000100000000)
  eden space 159744K, 97% used [0x00000000f0000000,0x00000000f9859958,0x00000000f9c00000)
  from space 52224K, 59% used [0x00000000fcd00000,0x00000000feb2a130,0x0000000100000000)
  to   space 50176K, 0% used [0x00000000f9c00000,0x00000000f9c00000,0x00000000fcd00000)
 ParOldGen       total 524288K, used 120099K [0x00000000d0000000, 0x00000000f0000000, 0x00000000f0000000)
  object space 524288K, 22% used [0x00000000d0000000,0x00000000d7548c50,0x00000000f0000000)
 Metaspace       used 78336K, capacity 84358K, committed 84608K, reserved 1122304K
  class space    used 10020K, capacity 11563K, committed 11648K, reserved 1048576K
GC Heap History (10 events):
Event: 5175.233 GC heap before
{Heap before GC invocations=41 (full 3):
 PSYoungGen      total 183808K, used 183587K [0x00000000f0000000, 0x0000000100000000, 0x0000000100000000)
  eden space 142848K, 100% used [0x00000000f0000000,0x00000000f8b80000,0x00000000f8b80000)
  from space 40960K, 99% used [0x00000000f8d00000,0x00000000fb4c8d10,0x00000000fb500000)
  to   space 59904K, 0% used [0x00000000fc580000,0x00000000fc580000,0x0000000100000000)
 ParOldGen       total 524288K, used 105561K [0x00000000d0000000, 0x00000000f0000000, 0x00000000f0000000)
  object space 524288K, 20% used [0x00000000d0000000,0x00000000d6716628,0x00000000f0000000)
 Metaspace       used 76146K, capacity 81670K, committed 81920K, reserved 1120256K
  class space    used 9784K, capacity 11250K, committed 11264K, reserved 1048576K
Event: 5175.272 GC heap after
Heap after GC invocations=41 (full 3):
 PSYoungGen      total 203264K, used 35880K [0x00000000f0000000, 0x0000000100000000, 0x0000000100000000)
  eden space 143360K, 0% used [0x00000000f0000000,0x00000000f0000000,0x00000000f8c00000)
  from space 59904K, 59% used [0x00000000fc580000,0x00000000fe88a330,0x0000000100000000)
  to   space 58880K, 0% used [0x00000000f8c00000,0x00000000f8c00000,0x00000000fc580000)
 ParOldGen       total 524288K, used 109701K [0x00000000d0000000, 0x00000000f0000000, 0x00000000f0000000)
  object space 524288K, 20% used [0x00000000d0000000,0x00000000d6b21750,0x00000000f0000000)
 Metaspace       used 76146K, capacity 81670K, committed 81920K, reserved 1120256K
  class space    used 9784K, capacity 11250K, committed 11264K, reserved 1048576K
}
Event: 7449.171 GC heap before
{Heap before GC invocations=42 (full 3):
 PSYoungGen      total 203264K, used 179240K [0x00000000f0000000, 0x0000000100000000, 0x0000000100000000)
  eden space 143360K, 100% used [0x00000000f0000000,0x00000000f8c00000,0x00000000f8c00000)
  from space 59904K, 59% used [0x00000000fc580000,0x00000000fe88a330,0x0000000100000000)
  to   space 58880K, 0% used [0x00000000f8c00000,0x00000000f8c00000,0x00000000fc580000)
 ParOldGen       total 524288K, used 109701K [0x00000000d0000000, 0x00000000f0000000, 0x00000000f0000000)
  object space 524288K, 20% used [0x00000000d0000000,0x00000000d6b21750,0x00000000f0000000)
 Metaspace       used 76431K, capacity 81984K, committed 82304K, reserved 1120256K
  class space    used 9810K, capacity 11298K, committed 11392K, reserved 1048576K
Event: 7449.637 GC heap after
Heap after GC invocations=42 (full 3):
 PSYoungGen      total 202240K, used 33626K [0x00000000f0000000, 0x0000000100000000, 0x0000000100000000)
  eden space 143360K, 0% used [0x00000000f0000000,0x00000000f0000000,0x00000000f8c00000)
  from space 58880K, 57% used [0x00000000f8c00000,0x00000000facd6a38,0x00000000fc580000)
  to   space 56832K, 0% used [0x00000000fc880000,0x00000000fc880000,0x0000000100000000)
 ParOldGen       total 524288K, used 114151K [0x00000000d0000000, 0x00000000f0000000, 0x00000000f0000000)
  object space 524288K, 21% used [0x00000000d0000000,0x00000000d6f79df8,0x00000000f0000000)
 Metaspace       used 76431K, capacity 81984K, committed 82304K, reserved 1120256K
  class space    used 9810K, capacity 11298K, committed 11392K, reserved 1048576K
}
Event: 9283.432 GC heap before
{Heap before GC invocations=43 (full 3):
 PSYoungGen      total 202240K, used 176986K [0x00000000f0000000, 0x0000000100000000, 0x0000000100000000)
  eden space 143360K, 100% used [0x00000000f0000000,0x00000000f8c00000,0x00000000f8c00000)
  from space 58880K, 57% used [0x00000000f8c00000,0x00000000facd6a38,0x00000000fc580000)
  to   space 56832K, 0% used [0x00000000fc880000,0x00000000fc880000,0x0000000100000000)
 ParOldGen       total 524288K, used 114151K [0x00000000d0000000, 0x00000000f0000000, 0x00000000f0000000)
  object space 524288K, 21% used [0x00000000d0000000,0x00000000d6f79df8,0x00000000f0000000)
 Metaspace       used 76554K, capacity 82272K, committed 82560K, reserved 1120256K
  class space    used 9840K, capacity 11359K, committed 11392K, reserved 1048576K
Event: 9283.487 GC heap after
Heap after GC invocations=43 (full 3):
 PSYoungGen      total 207360K, used 31038K [0x00000000f0000000, 0x0000000100000000, 0x0000000100000000)
  eden space 150528K, 0% used [0x00000000f0000000,0x00000000f0000000,0x00000000f9300000)
  from space 56832K, 54% used [0x00000000fc880000,0x00000000fe6cf9b8,0x0000000100000000)
  to   space 54784K, 0% used [0x00000000f9300000,0x00000000f9300000,0x00000000fc880000)
 ParOldGen       total 524288K, used 115367K [0x00000000d0000000, 0x00000000f0000000, 0x00000000f0000000)
  object space 524288K, 22% used [0x00000000d0000000,0x00000000d70a9d90,0x00000000f0000000)
 Metaspace       used 76554K, capacity 82272K, committed 82560K, reserved 1120256K
  class space    used 9840K, capacity 11359K, committed 11392K, reserved 1048576K
}
Event: 9436.247 GC heap before
{Heap before GC invocations=44 (full 3):
 PSYoungGen      total 207360K, used 181566K [0x00000000f0000000, 0x0000000100000000, 0x0000000100000000)
  eden space 150528K, 100% used [0x00000000f0000000,0x00000000f9300000,0x00000000f9300000)
  from space 56832K, 54% used [0x00000000fc880000,0x00000000fe6cf9b8,0x0000000100000000)
  to   space 54784K, 0% used [0x00000000f9300000,0x00000000f9300000,0x00000000fc880000)
 ParOldGen       total 524288K, used 115367K [0x00000000d0000000, 0x00000000f0000000, 0x00000000f0000000)
  object space 524288K, 22% used [0x00000000d0000000,0x00000000d70a9d90,0x00000000f0000000)
 Metaspace       used 77168K, capacity 83144K, committed 83200K, reserved 1120256K
  class space    used 9928K, capacity 11489K, committed 11520K, reserved 1048576K
Event: 9436.271 GC heap after
Heap after GC invocations=44 (full 3):
 PSYoungGen      total 205312K, used 31454K [0x00000000f0000000, 0x0000000100000000, 0x0000000100000000)
  eden space 150528K, 0% used [0x00000000f0000000,0x00000000f0000000,0x00000000f9300000)
  from space 54784K, 57% used [0x00000000f9300000,0x00000000fb1b7ac0,0x00000000fc880000)
  to   space 52224K, 0% used [0x00000000fcd00000,0x00000000fcd00000,0x0000000100000000)
 ParOldGen       total 524288K, used 117583K [0x00000000d0000000, 0x00000000f0000000, 0x00000000f0000000)
  object space 524288K, 22% used [0x00000000d0000000,0x00000000d72d3c00,0x00000000f0000000)
 Metaspace       used 77168K, capacity 83144K, committed 83200K, reserved 1120256K
  class space    used 9928K, capacity 11489K, committed 11520K, reserved 1048576K
}
Event: 10182.802 GC heap before
{Heap before GC invocations=45 (full 3):
 PSYoungGen      total 205312K, used 181982K [0x00000000f0000000, 0x0000000100000000, 0x0000000100000000)
  eden space 150528K, 100% used [0x00000000f0000000,0x00000000f9300000,0x00000000f9300000)
  from space 54784K, 57% used [0x00000000f9300000,0x00000000fb1b7ac0,0x00000000fc880000)
  to   space 52224K, 0% used [0x00000000fcd00000,0x00000000fcd00000,0x0000000100000000)
 ParOldGen       total 524288K, used 117583K [0x00000000d0000000, 0x00000000f0000000, 0x00000000f0000000)
  object space 524288K, 22% used [0x00000000d0000000,0x00000000d72d3c00,0x00000000f0000000)
 Metaspace       used 77625K, capacity 83642K, committed 83840K, reserved 1122304K
  class space    used 9972K, capacity 11521K, committed 11648K, reserved 1048576K
Event: 10182.833 GC heap after
Heap after GC invocations=45 (full 3):
 PSYoungGen      total 211968K, used 30888K [0x00000000f0000000, 0x0000000100000000, 0x0000000100000000)
  eden space 159744K, 0% used [0x00000000f0000000,0x00000000f0000000,0x00000000f9c00000)
  from space 52224K, 59% used [0x00000000fcd00000,0x00000000feb2a130,0x0000000100000000)
  to   space 50176K, 0% used [0x00000000f9c00000,0x00000000f9c00000,0x00000000fcd00000)
 ParOldGen       total 524288K, used 120099K [0x00000000d0000000, 0x00000000f0000000, 0x00000000f0000000)
  object space 524288K, 22% used [0x00000000d0000000,0x00000000d7548c50,0x00000000f0000000)
 Metaspace       used 77625K, capacity 83642K, committed 83840K, reserved 1122304K
  class space    used 9972K, capacity 11521K, committed 11648K, reserved 1048576K
}

