# JRE version: Java(TM) SE Runtime Environment (8.0_161-b12) (build 1.8.0_161-b12)
# Java VM: Java HotSpot(TM) 64-Bit Server VM (25.161-b12 mixed mode linux-amd64 compressed oops)
Heap:
 PSYoungGen      total 207872K, used 39479K [0x00000000f0000000, 0x0000000100000000, 0x0000000100000000)
  eden space 153600K, 15% used [0x00000000f0000000,0x00000000f1734750,0x00000000f9600000)
  from space 54272K, 28% used [0x00000000fcb00000,0x00000000fda59730,0x0000000100000000)
  to   space 54272K, 0% used [0x00000000f9600000,0x00000000f9600000,0x00000000fcb00000)
 ParOldGen       total 524288K, used 128740K [0x00000000d0000000, 0x00000000f0000000, 0x00000000f0000000)
  object space 524288K, 24% used [0x00000000d0000000,0x00000000d7db9300,0x00000000f0000000)
 Metaspace       used 78070K, capacity 83356K, committed 83544K, reserved 1120256K
  class space    used 10392K, capacity 11882K, committed 11904K, reserved 1048576K
GC Heap History (10 events):
Event: 6589.328 GC heap before
{Heap before GC invocations=43 (full 3):
 PSYoungGen      total 200704K, used 172284K [0x00000000f0000000, 0x0000000100000000, 0x0000000100000000)
  eden space 141824K, 100% used [0x00000000f0000000,0x00000000f8a80000,0x00000000f8a80000)
  from space 58880K, 51% used [0x00000000f8a80000,0x00000000fa83f210,0x00000000fc400000)
  to   space 56832K, 0% used [0x00000000fc880000,0x00000000fc880000,0x0000000100000000)
 ParOldGen       total 524288K, used 110959K [0x00000000d0000000, 0x00000000f0000000, 0x00000000f0000000)
  object space 524288K, 21% used [0x00000000d0000000,0x00000000d6c5bcd8,0x00000000f0000000)
 Metaspace       used 77159K, capacity 82376K, committed 82520K, reserved 1120256K
  class space    used 10291K, capacity 11781K, committed 11904K, reserved 1048576K
Event: 6589.398 GC heap after
Heap after GC invocations=43 (full 3):
 PSYoungGen      total 206336K, used 26301K [0x00000000f0000000, 0x0000000100000000, 0x0000000100000000)
  eden space 149504K, 0% used [0x00000000f0000000,0x00000000f0000000,0x00000000f9200000)
  from space 56832K, 46% used [0x00000000fc880000,0x00000000fe22f718,0x0000000100000000)
  to   space 55808K, 0% used [0x00000000f9200000,0x00000000f9200000,0x00000000fc880000)
 ParOldGen       total 524288K, used 114416K [0x00000000d0000000, 0x00000000f0000000, 0x00000000f0000000)
  object space 524288K, 21% used [0x00000000d0000000,0x00000000d6fbc3c8,0x00000000f0000000)
 Metaspace       used 77159K, capacity 82376K, committed 82520K, reserved 1120256K
  class space    used 10291K, capacity 11781K, committed 11904K, reserved 1048576K
}
Event: 8087.289 GC heap before
{Heap before GC invocations=44 (full 3):
 PSYoungGen      total 206336K, used 175805K [0x00000000f0000000, 0x0000000100000000, 0x0000000100000000)
  eden space 149504K, 100% used [0x00000000f0000000,0x00000000f9200000,0x00000000f9200000)
  from space 56832K, 46% used [0x00000000fc880000,0x00000000fe22f718,0x0000000100000000)
  to   space 55808K, 0% used [0x00000000f9200000,0x00000000f9200000,0x00000000fc880000)
 ParOldGen       total 524288K, used 114416K [0x00000000d0000000, 0x00000000f0000000, 0x00000000f0000000)
  object space 524288K, 21% used [0x00000000d0000000,0x00000000d6fbc3c8,0x00000000f0000000)
 Metaspace       used 77223K, capacity 82430K, committed 82776K, reserved 1120256K
  class space    used 10298K, capacity 11792K, committed 11904K, reserved 1048576K
Event: 8087.322 GC heap after
Heap after GC invocations=44 (full 3):
 PSYoungGen      total 205312K, used 22061K [0x00000000f0000000, 0x0000000100000000, 0x0000000100000000)
  eden space 149504K, 0% used [0x00000000f0000000,0x00000000f0000000,0x00000000f9200000)
  from space 55808K, 39% used [0x00000000f9200000,0x00000000fa78b708,0x00000000fc880000)
  to   space 55296K, 0% used [0x00000000fca00000,0x00000000fca00000,0x0000000100000000)
 ParOldGen       total 524288K, used 117291K [0x00000000d0000000, 0x00000000f0000000, 0x00000000f0000000)
  object space 524288K, 22% used [0x00000000d0000000,0x00000000d728afa0,0x00000000f0000000)
 Metaspace       used 77223K, capacity 82430K, committed 82776K, reserved 1120256K
  class space    used 10298K, capacity 11792K, committed 11904K, reserved 1048576K
}
Event: 9482.683 GC heap before
{Heap before GC invocations=45 (full 3):
 PSYoungGen      total 205312K, used 171565K [0x00000000f0000000, 0x0000000100000000, 0x0000000100000000)
  eden space 149504K, 100% used [0x00000000f0000000,0x00000000f9200000,0x00000000f9200000)
  from space 55808K, 39% used [0x00000000f9200000,0x00000000fa78b708,0x00000000fc880000)
  to   space 55296K, 0% used [0x00000000fca00000,0x00000000fca00000,0x0000000100000000)
 ParOldGen       total 524288K, used 117291K [0x00000000d0000000, 0x00000000f0000000, 0x00000000f0000000)
  object space 524288K, 22% used [0x00000000d0000000,0x00000000d728afa0,0x00000000f0000000)
 Metaspace       used 77475K, capacity 82756K, committed 83032K, reserved 1120256K
  class space    used 10338K, capacity 11858K, committed 11904K, reserved 1048576K
Event: 9482.726 GC heap after
Heap after GC invocations=45 (full 3):
 PSYoungGen      total 207872K, used 23836K [0x00000000f0000000, 0x0000000100000000, 0x0000000100000000)
  eden space 152576K, 0% used [0x00000000f0000000,0x00000000f0000000,0x00000000f9500000)
  from space 55296K, 43% used [0x00000000fca00000,0x00000000fe1471f0,0x0000000100000000)
  to   space 54272K, 0% used [0x00000000f9500000,0x00000000f9500000,0x00000000fca00000)
 ParOldGen       total 524288K, used 119428K [0x00000000d0000000, 0x00000000f0000000, 0x00000000f0000000)
  object space 524288K, 22% used [0x00000000d0000000,0x00000000d74a1358,0x00000000f0000000)
 Metaspace       used 77475K, capacity 82756K, committed 83032K, reserved 1120256K
  class space    used 10338K, capacity 11858K, committed 11904K, reserved 1048576K
}
Event: 12483.107 GC heap before
{Heap before GC invocations=46 (full 3):
 PSYoungGen      total 207872K, used 176412K [0x00000000f0000000, 0x0000000100000000, 0x0000000100000000)
  eden space 152576K, 100% used [0x00000000f0000000,0x00000000f9500000,0x00000000f9500000)
  from space 55296K, 43% used [0x00000000fca00000,0x00000000fe1471f0,0x0000000100000000)
  to   space 54272K, 0% used [0x00000000f9500000,0x00000000f9500000,0x00000000fca00000)
 ParOldGen       total 524288K, used 119428K [0x00000000d0000000, 0x00000000f0000000, 0x00000000f0000000)
  object space 524288K, 22% used [0x00000000d0000000,0x00000000d74a1358,0x00000000f0000000)
 Metaspace       used 77804K, capacity 83096K, committed 83288K, reserved 1120256K
  class space    used 10366K, capacity 11865K, committed 11904K, reserved 1048576K
Event: 12483.671 GC heap after
Heap after GC invocations=46 (full 3):
 PSYoungGen      total 206848K, used 14277K [0x00000000f0000000, 0x0000000100000000, 0x0000000100000000)
  eden space 152576K, 0% used [0x00000000f0000000,0x00000000f0000000,0x00000000f9500000)
  from space 54272K, 26% used [0x00000000f9500000,0x00000000fa2f1510,0x00000000fca00000)
  to   space 54272K, 0% used [0x00000000fcb00000,0x00000000fcb00000,0x0000000100000000)
 ParOldGen       total 524288K, used 127689K [0x00000000d0000000, 0x00000000f0000000, 0x00000000f0000000)
  object space 524288K, 24% used [0x00000000d0000000,0x00000000d7cb2568,0x00000000f0000000)
 Metaspace       used 77804K, capacity 83096K, committed 83288K, reserved 1120256K
  class space    used 10366K, capacity 11865K, committed 11904K, reserved 1048576K
}
Event: 13279.051 GC heap before
{Heap before GC invocations=47 (full 3):
 PSYoungGen      total 206848K, used 166853K [0x00000000f0000000, 0x0000000100000000, 0x0000000100000000)
  eden space 152576K, 100% used [0x00000000f0000000,0x00000000f9500000,0x00000000f9500000)
  from space 54272K, 26% used [0x00000000f9500000,0x00000000fa2f1510,0x00000000fca00000)
  to   space 54272K, 0% used [0x00000000fcb00000,0x00000000fcb00000,0x0000000100000000)
 ParOldGen       total 524288K, used 127689K [0x00000000d0000000, 0x00000000f0000000, 0x00000000f0000000)
  object space 524288K, 24% used [0x00000000d0000000,0x00000000d7cb2568,0x00000000f0000000)
 Metaspace       used 78050K, capacity 83330K, committed 83544K, reserved 1120256K
  class space    used 10386K, capacity 11875K, committed 11904K, reserved 1048576K
Event: 13279.162 GC heap after
Heap after GC invocations=47 (full 3):
 PSYoungGen      total 207872K, used 15717K [0x00000000f0000000, 0x0000000100000000, 0x0000000100000000)
  eden space 153600K, 0% used [0x00000000f0000000,0x00000000f0000000,0x00000000f9600000)
  from space 54272K, 28% used [0x00000000fcb00000,0x00000000fda59730,0x0000000100000000)
  to   space 54272K, 0% used [0x00000000f9600000,0x00000000f9600000,0x00000000fcb00000)
 ParOldGen       total 524288K, used 128740K [0x00000000d0000000, 0x00000000f0000000, 0x00000000f0000000)
  object space 524288K, 24% used [0x00000000d0000000,0x00000000d7db9300,0x00000000f0000000)
 Metaspace       used 78050K, capacity 83330K, committed 83544K, reserved 1120256K
  class space    used 10386K, capacity 11875K, committed 11904K, reserved 1048576K
}

