# JRE version: Java(TM) SE Runtime Environment (8.0_161-b12) (build 1.8.0_161-b12)
# Java VM: Java HotSpot(TM) 64-Bit Server VM (25.161-b12 mixed mode linux-amd64 compressed oops)
Heap:
 PSYoungGen      total 209920K, used 171795K [0x00000000f0000000, 0x0000000100000000, 0x0000000100000000)
  eden space 156160K, 96% used [0x00000000f0000000,0x00000000f934aed8,0x00000000f9880000)
  from space 53760K, 39% used [0x00000000fcb80000,0x00000000fdffa088,0x0000000100000000)
  to   space 52224K, 0% used [0x00000000f9880000,0x00000000f9880000,0x00000000fcb80000)
 ParOldGen       total 524288K, used 135483K [0x00000000d0000000, 0x00000000f0000000, 0x00000000f0000000)
  object space 524288K, 25% used [0x00000000d0000000,0x00000000d844eda8,0x00000000f0000000)
 Metaspace       used 81583K, capacity 87360K, committed 87512K, reserved 1124352K
  class space    used 9974K, capacity 11754K, committed 11776K, reserved 1048576K
GC Heap History (10 events):
Event: 5702.238 GC heap before
{Heap before GC invocations=43 (full 3):
 PSYoungGen      total 193536K, used 193350K [0x00000000f0000000, 0x0000000100000000, 0x0000000100000000)
  eden space 158720K, 100% used [0x00000000f0000000,0x00000000f9b00000,0x00000000f9b00000)
  from space 34816K, 99% used [0x00000000f9d00000,0x00000000fbed1938,0x00000000fbf00000)
  to   space 52224K, 0% used [0x00000000fcd00000,0x00000000fcd00000,0x0000000100000000)
 ParOldGen       total 524288K, used 118056K [0x00000000d0000000, 0x00000000f0000000, 0x00000000f0000000)
  object space 524288K, 22% used [0x00000000d0000000,0x00000000d734a200,0x00000000f0000000)
 Metaspace       used 78013K, capacity 83592K, committed 83672K, reserved 1122304K
  class space    used 9741K, capacity 11469K, committed 11520K, reserved 1048576K
Event: 5702.286 GC heap after
Heap after GC invocations=43 (full 3):
 PSYoungGen      total 207872K, used 34817K [0x00000000f0000000, 0x0000000100000000, 0x0000000100000000)
  eden space 155648K, 0% used [0x00000000f0000000,0x00000000f0000000,0x00000000f9800000)
  from space 52224K, 66% used [0x00000000fcd00000,0x00000000fef00680,0x0000000100000000)
  to   space 53248K, 0% used [0x00000000f9800000,0x00000000f9800000,0x00000000fcc00000)
 ParOldGen       total 524288K, used 118064K [0x00000000d0000000, 0x00000000f0000000, 0x00000000f0000000)
  object space 524288K, 22% used [0x00000000d0000000,0x00000000d734c200,0x00000000f0000000)
 Metaspace       used 78013K, capacity 83592K, committed 83672K, reserved 1122304K
  class space    used 9741K, capacity 11469K, committed 11520K, reserved 1048576K
}
Event: 9205.133 GC heap before
{Heap before GC invocations=44 (full 3):
 PSYoungGen      total 207872K, used 190465K [0x00000000f0000000, 0x0000000100000000, 0x0000000100000000)
  eden space 155648K, 100% used [0x00000000f0000000,0x00000000f9800000,0x00000000f9800000)
  from space 52224K, 66% used [0x00000000fcd00000,0x00000000fef00680,0x0000000100000000)
  to   space 53248K, 0% used [0x00000000f9800000,0x00000000f9800000,0x00000000fcc00000)
 ParOldGen       total 524288K, used 118064K [0x00000000d0000000, 0x00000000f0000000, 0x00000000f0000000)
  object space 524288K, 22% used [0x00000000d0000000,0x00000000d734c200,0x00000000f0000000)
 Metaspace       used 78642K, capacity 84154K, committed 84184K, reserved 1122304K
  class space    used 9786K, capacity 11504K, committed 11520K, reserved 1048576K
Event: 9205.174 GC heap after
Heap after GC invocations=44 (full 3):
 PSYoungGen      total 189952K, used 35549K [0x00000000f0000000, 0x0000000100000000, 0x0000000100000000)
  eden space 154112K, 0% used [0x00000000f0000000,0x00000000f0000000,0x00000000f9680000)
  from space 35840K, 99% used [0x00000000f9800000,0x00000000fbab75e0,0x00000000fbb00000)
  to   space 54272K, 0% used [0x00000000fcb00000,0x00000000fcb00000,0x0000000100000000)
 ParOldGen       total 524288K, used 118072K [0x00000000d0000000, 0x00000000f0000000, 0x00000000f0000000)
  object space 524288K, 22% used [0x00000000d0000000,0x00000000d734e200,0x00000000f0000000)
 Metaspace       used 78642K, capacity 84154K, committed 84184K, reserved 1122304K
  class space    used 9786K, capacity 11504K, committed 11520K, reserved 1048576K
}
Event: 9673.843 GC heap before
{Heap before GC invocations=45 (full 3):
 PSYoungGen      total 189952K, used 189661K [0x00000000f0000000, 0x0000000100000000, 0x0000000100000000)
  eden space 154112K, 100% used [0x00000000f0000000,0x00000000f9680000,0x00000000f9680000)
  from space 35840K, 99% used [0x00000000f9800000,0x00000000fbab75e0,0x00000000fbb00000)
  to   space 54272K, 0% used [0x00000000fcb00000,0x00000000fcb00000,0x0000000100000000)
 ParOldGen       total 524288K, used 118072K [0x00000000d0000000, 0x00000000f0000000, 0x00000000f0000000)
  object space 524288K, 22% used [0x00000000d0000000,0x00000000d734e200,0x00000000f0000000)
 Metaspace       used 80723K, capacity 86322K, committed 86488K, reserved 1124352K
  class space    used 9907K, capacity 11669K, committed 11776K, reserved 1048576K
Event: 9673.868 GC heap after
Heap after GC invocations=45 (full 3):
 PSYoungGen      total 207872K, used 34508K [0x00000000f0000000, 0x0000000100000000, 0x0000000100000000)
  eden space 153600K, 0% used [0x00000000f0000000,0x00000000f0000000,0x00000000f9600000)
  from space 54272K, 63% used [0x00000000fcb00000,0x00000000fecb30b0,0x0000000100000000)
  to   space 54272K, 0% used [0x00000000f9600000,0x00000000f9600000,0x00000000fcb00000)
 ParOldGen       total 524288K, used 120798K [0x00000000d0000000, 0x00000000f0000000, 0x00000000f0000000)
  object space 524288K, 23% used [0x00000000d0000000,0x00000000d75f79a0,0x00000000f0000000)
 Metaspace       used 80723K, capacity 86322K, committed 86488K, reserved 1124352K
  class space    used 9907K, capacity 11669K, committed 11776K, reserved 1048576K
}
Event: 9779.721 GC heap before
{Heap before GC invocations=46 (full 3):
 PSYoungGen      total 207872K, used 188108K [0x00000000f0000000, 0x0000000100000000, 0x0000000100000000)
  eden space 153600K, 100% used [0x00000000f0000000,0x00000000f9600000,0x00000000f9600000)
  from space 54272K, 63% used [0x00000000fcb00000,0x00000000fecb30b0,0x0000000100000000)
  to   space 54272K, 0% used [0x00000000f9600000,0x00000000f9600000,0x00000000fcb00000)
 ParOldGen       total 524288K, used 120798K [0x00000000d0000000, 0x00000000f0000000, 0x00000000f0000000)
  object space 524288K, 23% used [0x00000000d0000000,0x00000000d75f79a0,0x00000000f0000000)
 Metaspace       used 80928K, capacity 86546K, committed 86744K, reserved 1124352K
  class space    used 9923K, capacity 11688K, committed 11776K, reserved 1048576K
Event: 9779.754 GC heap after
Heap after GC invocations=46 (full 3):
 PSYoungGen      total 207872K, used 33060K [0x00000000f0000000, 0x0000000100000000, 0x0000000100000000)
  eden space 153600K, 0% used [0x00000000f0000000,0x00000000f0000000,0x00000000f9600000)
  from space 54272K, 60% used [0x00000000f9600000,0x00000000fb6490f8,0x00000000fcb00000)
  to   space 53760K, 0% used [0x00000000fcb80000,0x00000000fcb80000,0x0000000100000000)
 ParOldGen       total 524288K, used 123116K [0x00000000d0000000, 0x00000000f0000000, 0x00000000f0000000)
  object space 524288K, 23% used [0x00000000d0000000,0x00000000d783b2f0,0x00000000f0000000)
 Metaspace       used 80928K, capacity 86546K, committed 86744K, reserved 1124352K
  class space    used 9923K, capacity 11688K, committed 11776K, reserved 1048576K
}
Event: 10060.511 GC heap before
{Heap before GC invocations=47 (full 3):
 PSYoungGen      total 207872K, used 186660K [0x00000000f0000000, 0x0000000100000000, 0x0000000100000000)
  eden space 153600K, 100% used [0x00000000f0000000,0x00000000f9600000,0x00000000f9600000)
  from space 54272K, 60% used [0x00000000f9600000,0x00000000fb6490f8,0x00000000fcb00000)
  to   space 53760K, 0% used [0x00000000fcb80000,0x00000000fcb80000,0x0000000100000000)
 ParOldGen       total 524288K, used 123116K [0x00000000d0000000, 0x00000000f0000000, 0x00000000f0000000)
  object space 524288K, 23% used [0x00000000d0000000,0x00000000d783b2f0,0x00000000f0000000)
 Metaspace       used 81114K, capacity 86792K, committed 87000K, reserved 1124352K
  class space    used 9932K, capacity 11697K, committed 11776K, reserved 1048576K
Event: 10060.569 GC heap after
Heap after GC invocations=47 (full 3):
 PSYoungGen      total 209920K, used 20968K [0x00000000f0000000, 0x0000000100000000, 0x0000000100000000)
  eden space 156160K, 0% used [0x00000000f0000000,0x00000000f0000000,0x00000000f9880000)
  from space 53760K, 39% used [0x00000000fcb80000,0x00000000fdffa088,0x0000000100000000)
  to   space 52224K, 0% used [0x00000000f9880000,0x00000000f9880000,0x00000000fcb80000)
 ParOldGen       total 524288K, used 135483K [0x00000000d0000000, 0x00000000f0000000, 0x00000000f0000000)
  object space 524288K, 25% used [0x00000000d0000000,0x00000000d844eda8,0x00000000f0000000)
 Metaspace       used 81114K, capacity 86792K, committed 87000K, reserved 1124352K
  class space    used 9932K, capacity 11697K, committed 11776K, reserved 1048576K
}

