# JRE version: Java(TM) SE Runtime Environment (8.0_161-b12) (build 1.8.0_161-b12)
# Java VM: Java HotSpot(TM) 64-Bit Server VM (25.161-b12 mixed mode linux-amd64 compressed oops)
Heap:
 PSYoungGen      total 209408K, used 195512K [0x00000000f0000000, 0x0000000100000000, 0x0000000100000000)
  eden space 173056K, 92% used [0x00000000f0000000,0x00000000f9b8b690,0x00000000fa900000)
  from space 36352K, 99% used [0x00000000fa900000,0x00000000fcc62c38,0x00000000fcc80000)
  to   space 47104K, 0% used [0x00000000fd200000,0x00000000fd200000,0x0000000100000000)
 ParOldGen       total 524288K, used 88426K [0x00000000d0000000, 0x00000000f0000000, 0x00000000f0000000)
  object space 524288K, 16% used [0x00000000d0000000,0x00000000d565a898,0x00000000f0000000)
 Metaspace       used 71983K, capacity 75554K, committed 75776K, reserved 1114112K
  class space    used 9095K, capacity 10167K, committed 10240K, reserved 1048576K
GC Heap History (10 events):
Event: 86.250 GC heap before
{Heap before GC invocations=28 (full 3):
 PSYoungGen      total 225792K, used 213340K [0x00000000f0000000, 0x0000000100000000, 0x0000000100000000)
  eden space 190464K, 100% used [0x00000000f0000000,0x00000000fba00000,0x00000000fba00000)
  from space 35328K, 64% used [0x00000000fdd80000,0x00000000ff3d7100,0x0000000100000000)
  to   space 35840K, 0% used [0x00000000fba00000,0x00000000fba00000,0x00000000fdd00000)
 ParOldGen       total 524288K, used 88386K [0x00000000d0000000, 0x00000000f0000000, 0x00000000f0000000)
  object space 524288K, 16% used [0x00000000d0000000,0x00000000d5650898,0x00000000f0000000)
 Metaspace       used 66977K, capacity 69026K, committed 69120K, reserved 1110016K
  class space    used 8333K, capacity 8907K, committed 8960K, reserved 1048576K
Event: 86.280 GC heap after
Heap after GC invocations=28 (full 3):
 PSYoungGen      total 216576K, used 25880K [0x00000000f0000000, 0x0000000100000000, 0x0000000100000000)
  eden space 190464K, 0% used [0x00000000f0000000,0x00000000f0000000,0x00000000fba00000)
  from space 26112K, 99% used [0x00000000fba00000,0x00000000fd346158,0x00000000fd380000)
  to   space 36864K, 0% used [0x00000000fdc00000,0x00000000fdc00000,0x0000000100000000)
 ParOldGen       total 524288K, used 88394K [0x00000000d0000000, 0x00000000f0000000, 0x00000000f0000000)
  object space 524288K, 16% used [0x00000000d0000000,0x00000000d5652898,0x00000000f0000000)
 Metaspace       used 66977K, capacity 69026K, committed 69120K, reserved 1110016K
  class space    used 8333K, capacity 8907K, committed 8960K, reserved 1048576K
}
Event: 90.323 GC heap before
{Heap before GC invocations=29 (full 3):
 PSYoungGen      total 216576K, used 216344K [0x00000000f0000000, 0x0000000100000000, 0x0000000100000000)
  eden space 190464K, 100% used [0x00000000f0000000,0x00000000fba00000,0x00000000fba00000)
  from space 26112K, 99% used [0x00000000fba00000,0x00000000fd346158,0x00000000fd380000)
  to   space 36864K, 0% used [0x00000000fdc00000,0x00000000fdc00000,0x0000000100000000)
 ParOldGen       total 524288K, used 88394K [0x00000000d0000000, 0x00000000f0000000, 0x00000000f0000000)
  object space 524288K, 16% used [0x00000000d0000000,0x00000000d5652898,0x00000000f0000000)
 Metaspace       used 68219K, capacity 70558K, committed 70784K, reserved 1110016K
  class space    used 8577K, capacity 9321K, committed 9344K, reserved 1048576K
Event: 90.345 GC heap after
Heap after GC invocations=29 (full 3):
 PSYoungGen      total 220160K, used 29695K [0x00000000f0000000, 0x0000000100000000, 0x0000000100000000)
  eden space 183296K, 0% used [0x00000000f0000000,0x00000000f0000000,0x00000000fb300000)
  from space 36864K, 80% used [0x00000000fdc00000,0x00000000ff8fff40,0x0000000100000000)
  to   space 39424K, 0% used [0x00000000fb300000,0x00000000fb300000,0x00000000fd980000)
 ParOldGen       total 524288K, used 88402K [0x00000000d0000000, 0x00000000f0000000, 0x00000000f0000000)
  object space 524288K, 16% used [0x00000000d0000000,0x00000000d5654898,0x00000000f0000000)
 Metaspace       used 68219K, capacity 70558K, committed 70784K, reserved 1110016K
  class space    used 8577K, capacity 9321K, committed 9344K, reserved 1048576K
}
Event: 90.976 GC heap before
{Heap before GC invocations=30 (full 3):
 PSYoungGen      total 220160K, used 212991K [0x00000000f0000000, 0x0000000100000000, 0x0000000100000000)
  eden space 183296K, 100% used [0x00000000f0000000,0x00000000fb300000,0x00000000fb300000)
  from space 36864K, 80% used [0x00000000fdc00000,0x00000000ff8fff40,0x0000000100000000)
  to   space 39424K, 0% used [0x00000000fb300000,0x00000000fb300000,0x00000000fd980000)
 ParOldGen       total 524288K, used 88402K [0x00000000d0000000, 0x00000000f0000000, 0x00000000f0000000)
  object space 524288K, 16% used [0x00000000d0000000,0x00000000d5654898,0x00000000f0000000)
 Metaspace       used 69190K, capacity 71720K, committed 71936K, reserved 1112064K
  class space    used 8692K, capacity 9467K, committed 9472K, reserved 1048576K
Event: 90.998 GC heap after
Heap after GC invocations=30 (full 3):
 PSYoungGen      total 214528K, used 31213K [0x00000000f0000000, 0x0000000100000000, 0x0000000100000000)
  eden space 183296K, 0% used [0x00000000f0000000,0x00000000f0000000,0x00000000fb300000)
  from space 31232K, 99% used [0x00000000fb300000,0x00000000fd17b468,0x00000000fd180000)
  to   space 41472K, 0% used [0x00000000fd780000,0x00000000fd780000,0x0000000100000000)
 ParOldGen       total 524288K, used 88410K [0x00000000d0000000, 0x00000000f0000000, 0x00000000f0000000)
  object space 524288K, 16% used [0x00000000d0000000,0x00000000d5656898,0x00000000f0000000)
 Metaspace       used 69190K, capacity 71720K, committed 71936K, reserved 1112064K
  class space    used 8692K, capacity 9467K, committed 9472K, reserved 1048576K
}
Event: 111.750 GC heap before
{Heap before GC invocations=31 (full 3):
 PSYoungGen      total 214528K, used 214509K [0x00000000f0000000, 0x0000000100000000, 0x0000000100000000)
  eden space 183296K, 100% used [0x00000000f0000000,0x00000000fb300000,0x00000000fb300000)
  from space 31232K, 99% used [0x00000000fb300000,0x00000000fd17b468,0x00000000fd180000)
  to   space 41472K, 0% used [0x00000000fd780000,0x00000000fd780000,0x0000000100000000)
 ParOldGen       total 524288K, used 88410K [0x00000000d0000000, 0x00000000f0000000, 0x00000000f0000000)
  object space 524288K, 16% used [0x00000000d0000000,0x00000000d5656898,0x00000000f0000000)
 Metaspace       used 69964K, capacity 72916K, committed 72960K, reserved 1112064K
  class space    used 8841K, capacity 9702K, committed 9728K, reserved 1048576K
Event: 111.771 GC heap after
Heap after GC invocations=31 (full 3):
 PSYoungGen      total 214528K, used 33370K [0x00000000f0000000, 0x0000000100000000, 0x0000000100000000)
  eden space 173056K, 0% used [0x00000000f0000000,0x00000000f0000000,0x00000000fa900000)
  from space 41472K, 80% used [0x00000000fd780000,0x00000000ff816ba8,0x0000000100000000)
  to   space 44544K, 0% used [0x00000000fa900000,0x00000000fa900000,0x00000000fd480000)
 ParOldGen       total 524288K, used 88418K [0x00000000d0000000, 0x00000000f0000000, 0x00000000f0000000)
  object space 524288K, 16% used [0x00000000d0000000,0x00000000d5658898,0x00000000f0000000)
 Metaspace       used 69964K, capacity 72916K, committed 72960K, reserved 1112064K
  class space    used 8841K, capacity 9702K, committed 9728K, reserved 1048576K
}
Event: 112.817 GC heap before
{Heap before GC invocations=32 (full 3):
 PSYoungGen      total 214528K, used 206426K [0x00000000f0000000, 0x0000000100000000, 0x0000000100000000)
  eden space 173056K, 100% used [0x00000000f0000000,0x00000000fa900000,0x00000000fa900000)
  from space 41472K, 80% used [0x00000000fd780000,0x00000000ff816ba8,0x0000000100000000)
  to   space 44544K, 0% used [0x00000000fa900000,0x00000000fa900000,0x00000000fd480000)
 ParOldGen       total 524288K, used 88418K [0x00000000d0000000, 0x00000000f0000000, 0x00000000f0000000)
  object space 524288K, 16% used [0x00000000d0000000,0x00000000d5658898,0x00000000f0000000)
 Metaspace       used 70417K, capacity 73748K, committed 73984K, reserved 1114112K
  class space    used 8917K, capacity 9891K, committed 9984K, reserved 1048576K
Event: 112.839 GC heap after
Heap after GC invocations=32 (full 3):
 PSYoungGen      total 209408K, used 36235K [0x00000000f0000000, 0x0000000100000000, 0x0000000100000000)
  eden space 173056K, 0% used [0x00000000f0000000,0x00000000f0000000,0x00000000fa900000)
  from space 36352K, 99% used [0x00000000fa900000,0x00000000fcc62c38,0x00000000fcc80000)
  to   space 47104K, 0% used [0x00000000fd200000,0x00000000fd200000,0x0000000100000000)
 ParOldGen       total 524288K, used 88426K [0x00000000d0000000, 0x00000000f0000000, 0x00000000f0000000)
  object space 524288K, 16% used [0x00000000d0000000,0x00000000d565a898,0x00000000f0000000)
 Metaspace       used 70417K, capacity 73748K, committed 73984K, reserved 1114112K
  class space    used 8917K, capacity 9891K, committed 9984K, reserved 1048576K
}

