# JRE version: Java(TM) SE Runtime Environment (8.0_161-b12) (build 1.8.0_161-b12)
# Java VM: Java HotSpot(TM) 64-Bit Server VM (25.161-b12 mixed mode linux-amd64 compressed oops)
Heap:
 PSYoungGen      total 210944K, used 182797K [0x00000000f0000000, 0x0000000100000000, 0x0000000100000000)
  eden space 175104K, 84% used [0x00000000f0000000,0x00000000f8fc4cf0,0x00000000fab00000)
  from space 35840K, 99% used [0x00000000fad00000,0x00000000fcfbe910,0x00000000fd000000)
  to   space 45056K, 0% used [0x00000000fd400000,0x00000000fd400000,0x0000000100000000)
 ParOldGen       total 524288K, used 104866K [0x00000000d0000000, 0x00000000f0000000, 0x00000000f0000000)
  object space 524288K, 20% used [0x00000000d0000000,0x00000000d6668ad0,0x00000000f0000000)
 Metaspace       used 73572K, capacity 78658K, committed 78808K, reserved 1118208K
  class space    used 9529K, capacity 11000K, committed 11008K, reserved 1048576K
GC Heap History (10 events):
Event: 95.728 GC heap before
{Heap before GC invocations=32 (full 3):
 PSYoungGen      total 220672K, used 200703K [0x00000000f0000000, 0x0000000100000000, 0x0000000100000000)
  eden space 177664K, 100% used [0x00000000f0000000,0x00000000fad80000,0x00000000fad80000)
  from space 43008K, 53% used [0x00000000fd600000,0x00000000fec7ffe0,0x0000000100000000)
  to   space 41472K, 0% used [0x00000000fad80000,0x00000000fad80000,0x00000000fd600000)
 ParOldGen       total 524288K, used 100993K [0x00000000d0000000, 0x00000000f0000000, 0x00000000f0000000)
  object space 524288K, 19% used [0x00000000d0000000,0x00000000d62a0680,0x00000000f0000000)
 Metaspace       used 69905K, capacity 73750K, committed 73944K, reserved 1114112K
  class space    used 8957K, capacity 10165K, committed 10240K, reserved 1048576K
Event: 95.748 GC heap after
Heap after GC invocations=32 (full 3):
 PSYoungGen      total 219136K, used 25840K [0x00000000f0000000, 0x0000000100000000, 0x0000000100000000)
  eden space 177664K, 0% used [0x00000000f0000000,0x00000000f0000000,0x00000000fad80000)
  from space 41472K, 62% used [0x00000000fad80000,0x00000000fc6bc0c0,0x00000000fd600000)
  to   space 41472K, 0% used [0x00000000fd780000,0x00000000fd780000,0x0000000100000000)
 ParOldGen       total 524288K, used 101001K [0x00000000d0000000, 0x00000000f0000000, 0x00000000f0000000)
  object space 524288K, 19% used [0x00000000d0000000,0x00000000d62a2680,0x00000000f0000000)
 Metaspace       used 69905K, capacity 73750K, committed 73944K, reserved 1114112K
  class space    used 8957K, capacity 10165K, committed 10240K, reserved 1048576K
}
Event: 136.117 GC heap before
{Heap before GC invocations=33 (full 3):
 PSYoungGen      total 219136K, used 203504K [0x00000000f0000000, 0x0000000100000000, 0x0000000100000000)
  eden space 177664K, 100% used [0x00000000f0000000,0x00000000fad80000,0x00000000fad80000)
  from space 41472K, 62% used [0x00000000fad80000,0x00000000fc6bc0c0,0x00000000fd600000)
  to   space 41472K, 0% used [0x00000000fd780000,0x00000000fd780000,0x0000000100000000)
 ParOldGen       total 524288K, used 101001K [0x00000000d0000000, 0x00000000f0000000, 0x00000000f0000000)
  object space 524288K, 19% used [0x00000000d0000000,0x00000000d62a2680,0x00000000f0000000)
 Metaspace       used 70546K, capacity 74726K, committed 74968K, reserved 1114112K
  class space    used 9125K, capacity 10421K, committed 10496K, reserved 1048576K
Event: 136.137 GC heap after
Heap after GC invocations=33 (full 3):
 PSYoungGen      total 221696K, used 24229K [0x00000000f0000000, 0x0000000100000000, 0x0000000100000000)
  eden space 180224K, 0% used [0x00000000f0000000,0x00000000f0000000,0x00000000fb000000)
  from space 41472K, 58% used [0x00000000fd780000,0x00000000fef29700,0x0000000100000000)
  to   space 40448K, 0% used [0x00000000fb000000,0x00000000fb000000,0x00000000fd780000)
 ParOldGen       total 524288K, used 104842K [0x00000000d0000000, 0x00000000f0000000, 0x00000000f0000000)
  object space 524288K, 19% used [0x00000000d0000000,0x00000000d6662ad0,0x00000000f0000000)
 Metaspace       used 70546K, capacity 74726K, committed 74968K, reserved 1114112K
  class space    used 9125K, capacity 10421K, committed 10496K, reserved 1048576K
}
Event: 320.987 GC heap before
{Heap before GC invocations=34 (full 3):
 PSYoungGen      total 221696K, used 204453K [0x00000000f0000000, 0x0000000100000000, 0x0000000100000000)
  eden space 180224K, 100% used [0x00000000f0000000,0x00000000fb000000,0x00000000fb000000)
  from space 41472K, 58% used [0x00000000fd780000,0x00000000fef29700,0x0000000100000000)
  to   space 40448K, 0% used [0x00000000fb000000,0x00000000fb000000,0x00000000fd780000)
 ParOldGen       total 524288K, used 104842K [0x00000000d0000000, 0x00000000f0000000, 0x00000000f0000000)
  object space 524288K, 19% used [0x00000000d0000000,0x00000000d6662ad0,0x00000000f0000000)
 Metaspace       used 70883K, capacity 75394K, committed 75608K, reserved 1114112K
  class space    used 9188K, capacity 10553K, committed 10624K, reserved 1048576K
Event: 321.008 GC heap after
Heap after GC invocations=34 (full 3):
 PSYoungGen      total 220672K, used 24432K [0x00000000f0000000, 0x0000000100000000, 0x0000000100000000)
  eden space 180224K, 0% used [0x00000000f0000000,0x00000000f0000000,0x00000000fb000000)
  from space 40448K, 60% used [0x00000000fb000000,0x00000000fc7dc1b8,0x00000000fd780000)
  to   space 39424K, 0% used [0x00000000fd980000,0x00000000fd980000,0x0000000100000000)
 ParOldGen       total 524288K, used 104850K [0x00000000d0000000, 0x00000000f0000000, 0x00000000f0000000)
  object space 524288K, 19% used [0x00000000d0000000,0x00000000d6664ad0,0x00000000f0000000)
 Metaspace       used 70883K, capacity 75394K, committed 75608K, reserved 1114112K
  class space    used 9188K, capacity 10553K, committed 10624K, reserved 1048576K
}
Event: 517.860 GC heap before
{Heap before GC invocations=35 (full 3):
 PSYoungGen      total 220672K, used 204656K [0x00000000f0000000, 0x0000000100000000, 0x0000000100000000)
  eden space 180224K, 100% used [0x00000000f0000000,0x00000000fb000000,0x00000000fb000000)
  from space 40448K, 60% used [0x00000000fb000000,0x00000000fc7dc1b8,0x00000000fd780000)
  to   space 39424K, 0% used [0x00000000fd980000,0x00000000fd980000,0x0000000100000000)
 ParOldGen       total 524288K, used 104850K [0x00000000d0000000, 0x00000000f0000000, 0x00000000f0000000)
  object space 524288K, 19% used [0x00000000d0000000,0x00000000d6664ad0,0x00000000f0000000)
 Metaspace       used 72497K, capacity 77302K, committed 77400K, reserved 1116160K
  class space    used 9429K, capacity 10835K, committed 10880K, reserved 1048576K
Event: 517.889 GC heap after
Heap after GC invocations=35 (full 3):
 PSYoungGen      total 216576K, used 35116K [0x00000000f0000000, 0x0000000100000000, 0x0000000100000000)
  eden space 177152K, 0% used [0x00000000f0000000,0x00000000f0000000,0x00000000fad00000)
  from space 39424K, 89% used [0x00000000fd980000,0x00000000ffbcb2d8,0x0000000100000000)
  to   space 42496K, 0% used [0x00000000fad00000,0x00000000fad00000,0x00000000fd680000)
 ParOldGen       total 524288K, used 104858K [0x00000000d0000000, 0x00000000f0000000, 0x00000000f0000000)
  object space 524288K, 20% used [0x00000000d0000000,0x00000000d6666ad0,0x00000000f0000000)
 Metaspace       used 72497K, capacity 77302K, committed 77400K, reserved 1116160K
  class space    used 9429K, capacity 10835K, committed 10880K, reserved 1048576K
}
Event: 980.968 GC heap before
{Heap before GC invocations=36 (full 3):
 PSYoungGen      total 216576K, used 212268K [0x00000000f0000000, 0x0000000100000000, 0x0000000100000000)
  eden space 177152K, 100% used [0x00000000f0000000,0x00000000fad00000,0x00000000fad00000)
  from space 39424K, 89% used [0x00000000fd980000,0x00000000ffbcb2d8,0x0000000100000000)
  to   space 42496K, 0% used [0x00000000fad00000,0x00000000fad00000,0x00000000fd680000)
 ParOldGen       total 524288K, used 104858K [0x00000000d0000000, 0x00000000f0000000, 0x00000000f0000000)
  object space 524288K, 20% used [0x00000000d0000000,0x00000000d6666ad0,0x00000000f0000000)
 Metaspace       used 72761K, capacity 77802K, committed 78040K, reserved 1116160K
  class space    used 9462K, capacity 10905K, committed 11008K, reserved 1048576K
Event: 980.994 GC heap after
Heap after GC invocations=36 (full 3):
 PSYoungGen      total 210944K, used 35578K [0x00000000f0000000, 0x0000000100000000, 0x0000000100000000)
  eden space 175104K, 0% used [0x00000000f0000000,0x00000000f0000000,0x00000000fab00000)
  from space 35840K, 99% used [0x00000000fad00000,0x00000000fcfbe910,0x00000000fd000000)
  to   space 45056K, 0% used [0x00000000fd400000,0x00000000fd400000,0x0000000100000000)
 ParOldGen       total 524288K, used 104866K [0x00000000d0000000, 0x00000000f0000000, 0x00000000f0000000)
  object space 524288K, 20% used [0x00000000d0000000,0x00000000d6668ad0,0x00000000f0000000)
 Metaspace       used 72761K, capacity 77802K, committed 78040K, reserved 1116160K
  class space    used 9462K, capacity 10905K, committed 11008K, reserved 1048576K
}

