# JRE version: Java(TM) SE Runtime Environment (8.0_161-b12) (build 1.8.0_161-b12)
# Java VM: Java HotSpot(TM) 64-Bit Server VM (25.161-b12 mixed mode linux-amd64 compressed oops)
Heap:
 PSYoungGen      total 202240K, used 73789K [0x00000000f0000000, 0x0000000100000000, 0x0000000100000000)
  eden space 142336K, 35% used [0x00000000f0000000,0x00000000f30a7388,0x00000000f8b00000)
  from space 59904K, 40% used [0x00000000f8b00000,0x00000000fa268210,0x00000000fc580000)
  to   space 58880K, 0% used [0x00000000fc680000,0x00000000fc680000,0x0000000100000000)
 ParOldGen       total 524288K, used 125484K [0x00000000d0000000, 0x00000000f0000000, 0x00000000f0000000)
  object space 524288K, 23% used [0x00000000d0000000,0x00000000d7a8b0b8,0x00000000f0000000)
 Metaspace       used 80723K, capacity 86042K, committed 86312K, reserved 1124352K
  class space    used 9853K, capacity 11463K, committed 11560K, reserved 1048576K
GC Heap History (10 events):
Event: 2131.961 GC heap before
{Heap before GC invocations=44 (full 3):
 PSYoungGen      total 197120K, used 165572K [0x00000000f0000000, 0x0000000100000000, 0x0000000100000000)
  eden space 129024K, 100% used [0x00000000f0000000,0x00000000f7e00000,0x00000000f7e00000)
  from space 68096K, 53% used [0x00000000fbd80000,0x00000000fe1313b0,0x0000000100000000)
  to   space 65024K, 0% used [0x00000000f7e00000,0x00000000f7e00000,0x00000000fbd80000)
 ParOldGen       total 524288K, used 110849K [0x00000000d0000000, 0x00000000f0000000, 0x00000000f0000000)
  object space 524288K, 21% used [0x00000000d0000000,0x00000000d6c406a8,0x00000000f0000000)
 Metaspace       used 78723K, capacity 83622K, committed 83752K, reserved 1122304K
  class space    used 9696K, capacity 11184K, committed 11304K, reserved 1048576K
Event: 2131.992 GC heap after
Heap after GC invocations=44 (full 3):
 PSYoungGen      total 194048K, used 34200K [0x00000000f0000000, 0x0000000100000000, 0x0000000100000000)
  eden space 129024K, 0% used [0x00000000f0000000,0x00000000f0000000,0x00000000f7e00000)
  from space 65024K, 52% used [0x00000000f7e00000,0x00000000f9f66280,0x00000000fbd80000)
  to   space 62976K, 0% used [0x00000000fc280000,0x00000000fc280000,0x0000000100000000)
 ParOldGen       total 524288K, used 114242K [0x00000000d0000000, 0x00000000f0000000, 0x00000000f0000000)
  object space 524288K, 21% used [0x00000000d0000000,0x00000000d6f90b10,0x00000000f0000000)
 Metaspace       used 78723K, capacity 83622K, committed 83752K, reserved 1122304K
  class space    used 9696K, capacity 11184K, committed 11304K, reserved 1048576K
}
Event: 2257.194 GC heap before
{Heap before GC invocations=45 (full 3):
 PSYoungGen      total 194048K, used 163224K [0x00000000f0000000, 0x0000000100000000, 0x0000000100000000)
  eden space 129024K, 100% used [0x00000000f0000000,0x00000000f7e00000,0x00000000f7e00000)
  from space 65024K, 52% used [0x00000000f7e00000,0x00000000f9f66280,0x00000000fbd80000)
  to   space 62976K, 0% used [0x00000000fc280000,0x00000000fc280000,0x0000000100000000)
 ParOldGen       total 524288K, used 114242K [0x00000000d0000000, 0x00000000f0000000, 0x00000000f0000000)
  object space 524288K, 21% used [0x00000000d0000000,0x00000000d6f90b10,0x00000000f0000000)
 Metaspace       used 79196K, capacity 84182K, committed 84264K, reserved 1122304K
  class space    used 9732K, capacity 11241K, committed 11304K, reserved 1048576K
Event: 2257.238 GC heap after
Heap after GC invocations=45 (full 3):
 PSYoungGen      total 200704K, used 31736K [0x00000000f0000000, 0x0000000100000000, 0x0000000100000000)
  eden space 137728K, 0% used [0x00000000f0000000,0x00000000f0000000,0x00000000f8680000)
  from space 62976K, 50% used [0x00000000fc280000,0x00000000fe17e3a8,0x0000000100000000)
  to   space 61440K, 0% used [0x00000000f8680000,0x00000000f8680000,0x00000000fc280000)
 ParOldGen       total 524288K, used 116937K [0x00000000d0000000, 0x00000000f0000000, 0x00000000f0000000)
  object space 524288K, 22% used [0x00000000d0000000,0x00000000d72327b0,0x00000000f0000000)
 Metaspace       used 79196K, capacity 84182K, committed 84264K, reserved 1122304K
  class space    used 9732K, capacity 11241K, committed 11304K, reserved 1048576K
}
Event: 2383.984 GC heap before
{Heap before GC invocations=46 (full 3):
 PSYoungGen      total 200704K, used 169434K [0x00000000f0000000, 0x0000000100000000, 0x0000000100000000)
  eden space 137728K, 99% used [0x00000000f0000000,0x00000000f8678828,0x00000000f8680000)
  from space 62976K, 50% used [0x00000000fc280000,0x00000000fe17e3a8,0x0000000100000000)
  to   space 61440K, 0% used [0x00000000f8680000,0x00000000f8680000,0x00000000fc280000)
 ParOldGen       total 524288K, used 116937K [0x00000000d0000000, 0x00000000f0000000, 0x00000000f0000000)
  object space 524288K, 22% used [0x00000000d0000000,0x00000000d72327b0,0x00000000f0000000)
 Metaspace       used 79437K, capacity 84564K, committed 84776K, reserved 1122304K
  class space    used 9758K, capacity 11303K, committed 11304K, reserved 1048576K
Event: 2384.013 GC heap after
Heap after GC invocations=46 (full 3):
 PSYoungGen      total 199168K, used 29849K [0x00000000f0000000, 0x0000000100000000, 0x0000000100000000)
  eden space 137728K, 0% used [0x00000000f0000000,0x00000000f0000000,0x00000000f8680000)
  from space 61440K, 48% used [0x00000000f8680000,0x00000000fa3a6600,0x00000000fc280000)
  to   space 59904K, 0% used [0x00000000fc580000,0x00000000fc580000,0x0000000100000000)
 ParOldGen       total 524288K, used 119172K [0x00000000d0000000, 0x00000000f0000000, 0x00000000f0000000)
  object space 524288K, 22% used [0x00000000d0000000,0x00000000d7461108,0x00000000f0000000)
 Metaspace       used 79437K, capacity 84564K, committed 84776K, reserved 1122304K
  class space    used 9758K, capacity 11303K, committed 11304K, reserved 1048576K
}
Event: 2447.296 GC heap before
{Heap before GC invocations=47 (full 3):
 PSYoungGen      total 199168K, used 167577K [0x00000000f0000000, 0x0000000100000000, 0x0000000100000000)
  eden space 137728K, 100% used [0x00000000f0000000,0x00000000f8680000,0x00000000f8680000)
  from space 61440K, 48% used [0x00000000f8680000,0x00000000fa3a6600,0x00000000fc280000)
  to   space 59904K, 0% used [0x00000000fc580000,0x00000000fc580000,0x0000000100000000)
 ParOldGen       total 524288K, used 119172K [0x00000000d0000000, 0x00000000f0000000, 0x00000000f0000000)
  object space 524288K, 22% used [0x00000000d0000000,0x00000000d7461108,0x00000000f0000000)
 Metaspace       used 80375K, capacity 85528K, committed 85672K, reserved 1124352K
  class space    used 9812K, capacity 11378K, committed 11432K, reserved 1048576K
Event: 2447.333 GC heap after
Heap after GC invocations=47 (full 3):
 PSYoungGen      total 202240K, used 23902K [0x00000000f0000000, 0x0000000100000000, 0x0000000100000000)
  eden space 142336K, 0% used [0x00000000f0000000,0x00000000f0000000,0x00000000f8b00000)
  from space 59904K, 39% used [0x00000000fc580000,0x00000000fdcd7ae0,0x0000000100000000)
  to   space 59904K, 0% used [0x00000000f8b00000,0x00000000f8b00000,0x00000000fc580000)
 ParOldGen       total 524288K, used 125220K [0x00000000d0000000, 0x00000000f0000000, 0x00000000f0000000)
  object space 524288K, 23% used [0x00000000d0000000,0x00000000d7a490b8,0x00000000f0000000)
 Metaspace       used 80375K, capacity 85528K, committed 85672K, reserved 1124352K
  class space    used 9812K, capacity 11378K, committed 11432K, reserved 1048576K
}
Event: 3074.791 GC heap before
{Heap before GC invocations=48 (full 3):
 PSYoungGen      total 202240K, used 166238K [0x00000000f0000000, 0x0000000100000000, 0x0000000100000000)
  eden space 142336K, 100% used [0x00000000f0000000,0x00000000f8b00000,0x00000000f8b00000)
  from space 59904K, 39% used [0x00000000fc580000,0x00000000fdcd7ae0,0x0000000100000000)
  to   space 59904K, 0% used [0x00000000f8b00000,0x00000000f8b00000,0x00000000fc580000)
 ParOldGen       total 524288K, used 125220K [0x00000000d0000000, 0x00000000f0000000, 0x00000000f0000000)
  object space 524288K, 23% used [0x00000000d0000000,0x00000000d7a490b8,0x00000000f0000000)
 Metaspace       used 80561K, capacity 85790K, committed 85928K, reserved 1124352K
  class space    used 9817K, capacity 11379K, committed 11432K, reserved 1048576K
Event: 3074.825 GC heap after
Heap after GC invocations=48 (full 3):
 PSYoungGen      total 202240K, used 23968K [0x00000000f0000000, 0x0000000100000000, 0x0000000100000000)
  eden space 142336K, 0% used [0x00000000f0000000,0x00000000f0000000,0x00000000f8b00000)
  from space 59904K, 40% used [0x00000000f8b00000,0x00000000fa268210,0x00000000fc580000)
  to   space 58880K, 0% used [0x00000000fc680000,0x00000000fc680000,0x0000000100000000)
 ParOldGen       total 524288K, used 125484K [0x00000000d0000000, 0x00000000f0000000, 0x00000000f0000000)
  object space 524288K, 23% used [0x00000000d0000000,0x00000000d7a8b0b8,0x00000000f0000000)
 Metaspace       used 80561K, capacity 85790K, committed 85928K, reserved 1124352K
  class space    used 9817K, capacity 11379K, committed 11432K, reserved 1048576K
}

