# JRE version: Java(TM) SE Runtime Environment (8.0_161-b12) (build 1.8.0_161-b12)
# Java VM: Java HotSpot(TM) 64-Bit Server VM (25.161-b12 mixed mode linux-amd64 compressed oops)
Heap:
 PSYoungGen      total 237568K, used 132466K [0x00000000f0000000, 0x0000000100000000, 0x0000000100000000)
  eden space 215040K, 54% used [0x00000000f0000000,0x00000000f7240208,0x00000000fd200000)
  from space 22528K, 68% used [0x00000000fea00000,0x00000000ff91c9b0,0x0000000100000000)
  to   space 23552K, 0% used [0x00000000fd200000,0x00000000fd200000,0x00000000fe900000)
 ParOldGen       total 524288K, used 118100K [0x00000000d0000000, 0x00000000f0000000, 0x00000000f0000000)
  object space 524288K, 22% used [0x00000000d0000000,0x00000000d7355020,0x00000000f0000000)
 Metaspace       used 71884K, capacity 77020K, committed 77204K, reserved 1116160K
  class space    used 9334K, capacity 10905K, committed 10940K, reserved 1048576K
GC Heap History (10 events):
Event: 1760.748 GC heap before
{Heap before GC invocations=31 (full 3):
 PSYoungGen      total 236032K, used 213728K [0x00000000f0000000, 0x0000000100000000, 0x0000000100000000)
  eden space 209920K, 100% used [0x00000000f0000000,0x00000000fcd00000,0x00000000fcd00000)
  from space 26112K, 14% used [0x00000000fcd00000,0x00000000fd0b8000,0x00000000fe680000)
  to   space 25600K, 0% used [0x00000000fe700000,0x00000000fe700000,0x0000000100000000)
 ParOldGen       total 524288K, used 118068K [0x00000000d0000000, 0x00000000f0000000, 0x00000000f0000000)
  object space 524288K, 22% used [0x00000000d0000000,0x00000000d734d020,0x00000000f0000000)
 Metaspace       used 69393K, capacity 73428K, committed 73492K, reserved 1112064K
  class space    used 8988K, capacity 10270K, committed 10300K, reserved 1048576K
Event: 1760.757 GC heap after
Heap after GC invocations=31 (full 3):
 PSYoungGen      total 237056K, used 3424K [0x00000000f0000000, 0x0000000100000000, 0x0000000100000000)
  eden space 211456K, 0% used [0x00000000f0000000,0x00000000f0000000,0x00000000fce80000)
  from space 25600K, 13% used [0x00000000fe700000,0x00000000fea58000,0x0000000100000000)
  to   space 25088K, 0% used [0x00000000fce80000,0x00000000fce80000,0x00000000fe700000)
 ParOldGen       total 524288K, used 118068K [0x00000000d0000000, 0x00000000f0000000, 0x00000000f0000000)
  object space 524288K, 22% used [0x00000000d0000000,0x00000000d734d020,0x00000000f0000000)
 Metaspace       used 69393K, capacity 73428K, committed 73492K, reserved 1112064K
  class space    used 8988K, capacity 10270K, committed 10300K, reserved 1048576K
}
Event: 1776.468 GC heap before
{Heap before GC invocations=32 (full 3):
 PSYoungGen      total 237056K, used 214880K [0x00000000f0000000, 0x0000000100000000, 0x0000000100000000)
  eden space 211456K, 100% used [0x00000000f0000000,0x00000000fce80000,0x00000000fce80000)
  from space 25600K, 13% used [0x00000000fe700000,0x00000000fea58000,0x0000000100000000)
  to   space 25088K, 0% used [0x00000000fce80000,0x00000000fce80000,0x00000000fe700000)
 ParOldGen       total 524288K, used 118068K [0x00000000d0000000, 0x00000000f0000000, 0x00000000f0000000)
  object space 524288K, 22% used [0x00000000d0000000,0x00000000d734d020,0x00000000f0000000)
 Metaspace       used 69575K, capacity 73720K, committed 73876K, reserved 1112064K
  class space    used 9024K, capacity 10328K, committed 10428K, reserved 1048576K
Event: 1776.475 GC heap after
Heap after GC invocations=32 (full 3):
 PSYoungGen      total 236544K, used 3680K [0x00000000f0000000, 0x0000000100000000, 0x0000000100000000)
  eden space 211456K, 0% used [0x00000000f0000000,0x00000000f0000000,0x00000000fce80000)
  from space 25088K, 14% used [0x00000000fce80000,0x00000000fd218000,0x00000000fe700000)
  to   space 24064K, 0% used [0x00000000fe880000,0x00000000fe880000,0x0000000100000000)
 ParOldGen       total 524288K, used 118076K [0x00000000d0000000, 0x00000000f0000000, 0x00000000f0000000)
  object space 524288K, 22% used [0x00000000d0000000,0x00000000d734f020,0x00000000f0000000)
 Metaspace       used 69575K, capacity 73720K, committed 73876K, reserved 1112064K
  class space    used 9024K, capacity 10328K, committed 10428K, reserved 1048576K
}
Event: 5471.617 GC heap before
{Heap before GC invocations=33 (full 3):
 PSYoungGen      total 236544K, used 215136K [0x00000000f0000000, 0x0000000100000000, 0x0000000100000000)
  eden space 211456K, 100% used [0x00000000f0000000,0x00000000fce80000,0x00000000fce80000)
  from space 25088K, 14% used [0x00000000fce80000,0x00000000fd218000,0x00000000fe700000)
  to   space 24064K, 0% used [0x00000000fe880000,0x00000000fe880000,0x0000000100000000)
 ParOldGen       total 524288K, used 118076K [0x00000000d0000000, 0x00000000f0000000, 0x00000000f0000000)
  object space 524288K, 22% used [0x00000000d0000000,0x00000000d734f020,0x00000000f0000000)
 Metaspace       used 69658K, capacity 73888K, committed 74132K, reserved 1114112K
  class space    used 9042K, capacity 10376K, committed 10428K, reserved 1048576K
Event: 5471.678 GC heap after
Heap after GC invocations=33 (full 3):
 PSYoungGen      total 238592K, used 4096K [0x00000000f0000000, 0x0000000100000000, 0x0000000100000000)
  eden space 214528K, 0% used [0x00000000f0000000,0x00000000f0000000,0x00000000fd180000)
  from space 24064K, 17% used [0x00000000fe880000,0x00000000fec80000,0x0000000100000000)
  to   space 23552K, 0% used [0x00000000fd180000,0x00000000fd180000,0x00000000fe880000)
 ParOldGen       total 524288K, used 118084K [0x00000000d0000000, 0x00000000f0000000, 0x00000000f0000000)
  object space 524288K, 22% used [0x00000000d0000000,0x00000000d7351020,0x00000000f0000000)
 Metaspace       used 69658K, capacity 73888K, committed 74132K, reserved 1114112K
  class space    used 9042K, capacity 10376K, committed 10428K, reserved 1048576K
}
Event: 6236.094 GC heap before
{Heap before GC invocations=34 (full 3):
 PSYoungGen      total 238592K, used 218624K [0x00000000f0000000, 0x0000000100000000, 0x0000000100000000)
  eden space 214528K, 100% used [0x00000000f0000000,0x00000000fd180000,0x00000000fd180000)
  from space 24064K, 17% used [0x00000000fe880000,0x00000000fec80000,0x0000000100000000)
  to   space 23552K, 0% used [0x00000000fd180000,0x00000000fd180000,0x00000000fe880000)
 ParOldGen       total 524288K, used 118084K [0x00000000d0000000, 0x00000000f0000000, 0x00000000f0000000)
  object space 524288K, 22% used [0x00000000d0000000,0x00000000d7351020,0x00000000f0000000)
 Metaspace       used 69937K, capacity 74594K, committed 74900K, reserved 1114112K
  class space    used 9115K, capacity 10575K, committed 10684K, reserved 1048576K
Event: 6236.100 GC heap after
Heap after GC invocations=34 (full 3):
 PSYoungGen      total 238080K, used 5741K [0x00000000f0000000, 0x0000000100000000, 0x0000000100000000)
  eden space 214528K, 0% used [0x00000000f0000000,0x00000000f0000000,0x00000000fd180000)
  from space 23552K, 24% used [0x00000000fd180000,0x00000000fd71b598,0x00000000fe880000)
  to   space 22528K, 0% used [0x00000000fea00000,0x00000000fea00000,0x0000000100000000)
 ParOldGen       total 524288K, used 118092K [0x00000000d0000000, 0x00000000f0000000, 0x00000000f0000000)
  object space 524288K, 22% used [0x00000000d0000000,0x00000000d7353020,0x00000000f0000000)
 Metaspace       used 69937K, capacity 74594K, committed 74900K, reserved 1114112K
  class space    used 9115K, capacity 10575K, committed 10684K, reserved 1048576K
}
Event: 6829.002 GC heap before
{Heap before GC invocations=35 (full 3):
 PSYoungGen      total 238080K, used 220256K [0x00000000f0000000, 0x0000000100000000, 0x0000000100000000)
  eden space 214528K, 99% used [0x00000000f0000000,0x00000000fd17cbe8,0x00000000fd180000)
  from space 23552K, 24% used [0x00000000fd180000,0x00000000fd71b598,0x00000000fe880000)
  to   space 22528K, 0% used [0x00000000fea00000,0x00000000fea00000,0x0000000100000000)
 ParOldGen       total 524288K, used 118092K [0x00000000d0000000, 0x00000000f0000000, 0x00000000f0000000)
  object space 524288K, 22% used [0x00000000d0000000,0x00000000d7353020,0x00000000f0000000)
 Metaspace       used 70759K, capacity 75752K, committed 75924K, reserved 1114112K
  class space    used 9241K, capacity 10813K, committed 10940K, reserved 1048576K
Event: 6829.018 GC heap after
Heap after GC invocations=35 (full 3):
 PSYoungGen      total 237568K, used 15474K [0x00000000f0000000, 0x0000000100000000, 0x0000000100000000)
  eden space 215040K, 0% used [0x00000000f0000000,0x00000000f0000000,0x00000000fd200000)
  from space 22528K, 68% used [0x00000000fea00000,0x00000000ff91c9b0,0x0000000100000000)
  to   space 23552K, 0% used [0x00000000fd200000,0x00000000fd200000,0x00000000fe900000)
 ParOldGen       total 524288K, used 118100K [0x00000000d0000000, 0x00000000f0000000, 0x00000000f0000000)
  object space 524288K, 22% used [0x00000000d0000000,0x00000000d7355020,0x00000000f0000000)
 Metaspace       used 70759K, capacity 75752K, committed 75924K, reserved 1114112K
  class space    used 9241K, capacity 10813K, committed 10940K, reserved 1048576K
}

